e:\documentos\ingcompu\8. octavo\lab grafica\cgeihclab03\labcgeihcc\debug\vc143.pdb
e:\documentos\ingcompu\8. octavo\lab grafica\cgeihclab03\labcgeihcc\debug\vc143.idb
e:\documentos\ingcompu\8. octavo\lab grafica\cgeihclab03\labcgeihcc\debug\window.obj
e:\documentos\ingcompu\8. octavo\lab grafica\cgeihclab03\labcgeihcc\debug\texture.obj
e:\documentos\ingcompu\8. octavo\lab grafica\cgeihclab03\labcgeihcc\debug\spotlight.obj
e:\documentos\ingcompu\8. octavo\lab grafica\cgeihclab03\labcgeihcc\debug\sphere.obj
e:\documentos\ingcompu\8. octavo\lab grafica\cgeihclab03\labcgeihcc\debug\skybox.obj
e:\documentos\ingcompu\8. octavo\lab grafica\cgeihclab03\labcgeihcc\debug\shader_light.obj
e:\documentos\ingcompu\8. octavo\lab grafica\cgeihclab03\labcgeihcc\debug\practica7.obj
e:\documentos\ingcompu\8. octavo\lab grafica\cgeihclab03\labcgeihcc\debug\pointlight.obj
e:\documentos\ingcompu\8. octavo\lab grafica\cgeihclab03\labcgeihcc\debug\model.obj
e:\documentos\ingcompu\8. octavo\lab grafica\cgeihclab03\labcgeihcc\debug\mesh_tn.obj
e:\documentos\ingcompu\8. octavo\lab grafica\cgeihclab03\labcgeihcc\debug\material.obj
e:\documentos\ingcompu\8. octavo\lab grafica\cgeihclab03\labcgeihcc\debug\light.obj
e:\documentos\ingcompu\8. octavo\lab grafica\cgeihclab03\labcgeihcc\debug\directionallight.obj
e:\documentos\ingcompu\8. octavo\lab grafica\cgeihclab03\labcgeihcc\debug\camera.obj
e:\documentos\ingcompu\8. octavo\lab grafica\cgeihclab03\debug\labcgeihcc.exe
e:\documentos\ingcompu\8. octavo\lab grafica\cgeihclab03\debug\labcgeihcc.pdb
e:\documentos\ingcompu\8. octavo\lab grafica\cgeihclab03\labcgeihcc\debug\labcgeihcc.ilk
e:\documentos\ingcompu\8. octavo\lab grafica\cgeihclab03\labcgeihcc\debug\practica7.new.obj.enc
e:\documentos\ingcompu\8. octavo\lab grafica\cgeihclab03\labcgeihcc\debug\labcgeihcc.tlog\cl.command.1.tlog
e:\documentos\ingcompu\8. octavo\lab grafica\cgeihclab03\labcgeihcc\debug\labcgeihcc.tlog\cl.items.tlog
e:\documentos\ingcompu\8. octavo\lab grafica\cgeihclab03\labcgeihcc\debug\labcgeihcc.tlog\cl.read.1.tlog
e:\documentos\ingcompu\8. octavo\lab grafica\cgeihclab03\labcgeihcc\debug\labcgeihcc.tlog\cl.write.1.tlog
e:\documentos\ingcompu\8. octavo\lab grafica\cgeihclab03\labcgeihcc\debug\labcgeihcc.tlog\link.command.1.tlog
e:\documentos\ingcompu\8. octavo\lab grafica\cgeihclab03\labcgeihcc\debug\labcgeihcc.tlog\link.read.1.tlog
e:\documentos\ingcompu\8. octavo\lab grafica\cgeihclab03\labcgeihcc\debug\labcgeihcc.tlog\link.secondary.1.tlog
e:\documentos\ingcompu\8. octavo\lab grafica\cgeihclab03\labcgeihcc\debug\labcgeihcc.tlog\link.write.1.tlog
