C:\Program Files\Microsoft Visual Studio\2022\Community\MSBuild\Microsoft\VC\v170\Microsoft.CppBuild.targets(534,5): warning MSB8028: The intermediate directory (Release\) contains files shared from another project (LabCGeIHCC.vcxproj).  This can lead to incorrect clean and rebuild behavior.
  ambiente.cpp
  ambiente.h
  bateo.cpp
  Camera.cpp
  DirectionalLight.cpp
E:\Documentos\IngCompu\8. Octavo\Lab Grafica\Proyecto\LabCGeIHCC\DirectionalLight.cpp(18,14): warning C4244: 'argument': conversion from 'GLfloat' to 'GLint', possible loss of data
E:\Documentos\IngCompu\8. Octavo\Lab Grafica\Proyecto\LabCGeIHCC\DirectionalLight.cpp(19,14): warning C4244: 'argument': conversion from 'GLfloat' to 'GLint', possible loss of data
E:\Documentos\IngCompu\8. Octavo\Lab Grafica\Proyecto\LabCGeIHCC\DirectionalLight.cpp(21,14): warning C4244: 'argument': conversion from 'GLfloat' to 'GLint', possible loss of data
E:\Documentos\IngCompu\8. Octavo\Lab Grafica\Proyecto\LabCGeIHCC\DirectionalLight.cpp(22,14): warning C4244: 'argument': conversion from 'GLfloat' to 'GLint', possible loss of data
  Light.cpp
  Material.cpp
  Mesh_tn.cpp
  Model.cpp
E:\Documentos\IngCompu\8. Octavo\Lab Grafica\Proyecto\LabCGeIHCC\Model.cpp(16,10): warning C4477: 'printf' : format string '%s' requires an argument of type 'char *', but variadic argument 1 has type 'const std::string'
E:\Documentos\IngCompu\8. Octavo\Lab Grafica\Proyecto\LabCGeIHCC\Model.cpp(16,80): warning C4474: 'printf' : too many arguments passed for format string
      E:\Documentos\IngCompu\8. Octavo\Lab Grafica\Proyecto\LabCGeIHCC\Model.cpp(16,80):
      placeholders and their parameters expect 1 variadic arguments, but 2 were provided
  
E:\Documentos\IngCompu\8. Octavo\Lab Grafica\Proyecto\LabCGeIHCC\Model.cpp(51,7): warning C4804: '<': unsafe use of type 'bool' in operation
E:\Documentos\IngCompu\8. Octavo\Lab Grafica\Proyecto\LabCGeIHCC\Model.cpp(51,21): warning C4018: '<': signed/unsigned mismatch
E:\Documentos\IngCompu\8. Octavo\Lab Grafica\Proyecto\LabCGeIHCC\Model.cpp(138,14): warning C4477: 'printf' : format string '%s' requires an argument of type 'char *', but variadic argument 1 has type 'std::string'
E:\Documentos\IngCompu\8. Octavo\Lab Grafica\Proyecto\LabCGeIHCC\Model.cpp(147,14): warning C4477: 'printf' : format string '%s' requires an argument of type 'char *', but variadic argument 1 has type 'std::string'
  PointLight.cpp
E:\Documentos\IngCompu\8. Octavo\Lab Grafica\Proyecto\LabCGeIHCC\PointLight.cpp(28,14): warning C4244: 'argument': conversion from 'GLfloat' to 'GLint', possible loss of data
E:\Documentos\IngCompu\8. Octavo\Lab Grafica\Proyecto\LabCGeIHCC\PointLight.cpp(29,14): warning C4244: 'argument': conversion from 'GLfloat' to 'GLint', possible loss of data
E:\Documentos\IngCompu\8. Octavo\Lab Grafica\Proyecto\LabCGeIHCC\PointLight.cpp(30,14): warning C4244: 'argument': conversion from 'GLfloat' to 'GLint', possible loss of data
E:\Documentos\IngCompu\8. Octavo\Lab Grafica\Proyecto\LabCGeIHCC\PointLight.cpp(32,14): warning C4244: 'argument': conversion from 'GLfloat' to 'GLint', possible loss of data
E:\Documentos\IngCompu\8. Octavo\Lab Grafica\Proyecto\LabCGeIHCC\PointLight.cpp(33,14): warning C4244: 'argument': conversion from 'GLfloat' to 'GLint', possible loss of data
E:\Documentos\IngCompu\8. Octavo\Lab Grafica\Proyecto\LabCGeIHCC\PointLight.cpp(34,14): warning C4244: 'argument': conversion from 'GLfloat' to 'GLint', possible loss of data
E:\Documentos\IngCompu\8. Octavo\Lab Grafica\Proyecto\LabCGeIHCC\PointLight.cpp(35,14): warning C4244: 'argument': conversion from 'GLfloat' to 'GLint', possible loss of data
  main.cpp
E:\Documentos\IngCompu\8. Octavo\Lab Grafica\Proyecto\LabCGeIHCC\Window.h(12,36): warning C4244: 'return': conversion from 'GLint' to 'GLfloat', possible loss of data
  (compiling source file 'main.cpp')
  
E:\Documentos\IngCompu\8. Octavo\Lab Grafica\Proyecto\LabCGeIHCC\Window.h(13,37): warning C4244: 'return': conversion from 'GLint' to 'GLfloat', possible loss of data
  (compiling source file 'main.cpp')
  
E:\Documentos\IngCompu\8. Octavo\Lab Grafica\Proyecto\LabCGeIHCC\main.cpp(353,15): warning C4244: 'initializing': conversion from 'double' to 'GLfloat', possible loss of data
E:\Documentos\IngCompu\8. Octavo\Lab Grafica\Proyecto\LabCGeIHCC\main.cpp(355,33): warning C4244: '+=': conversion from 'double' to 'GLfloat', possible loss of data
E:\Documentos\IngCompu\8. Octavo\Lab Grafica\Proyecto\LabCGeIHCC\main.cpp(390,18): warning C4805: '==': unsafe mix of type 'GLboolean' and type 'bool' in operation
  Shader_light.cpp
E:\Documentos\IngCompu\8. Octavo\Lab Grafica\Proyecto\LabCGeIHCC\Shader_light.cpp(207,75): warning C4244: 'argument': conversion from 'GLuint' to 'GLfloat', possible loss of data
E:\Documentos\IngCompu\8. Octavo\Lab Grafica\Proyecto\LabCGeIHCC\Shader_light.cpp(207,26): warning C4244: 'argument': conversion from 'GLuint' to 'GLfloat', possible loss of data
E:\Documentos\IngCompu\8. Octavo\Lab Grafica\Proyecto\LabCGeIHCC\Shader_light.cpp(206,91): warning C4244: 'argument': conversion from 'GLuint' to 'GLfloat', possible loss of data
E:\Documentos\IngCompu\8. Octavo\Lab Grafica\Proyecto\LabCGeIHCC\Shader_light.cpp(206,42): warning C4244: 'argument': conversion from 'GLuint' to 'GLfloat', possible loss of data
E:\Documentos\IngCompu\8. Octavo\Lab Grafica\Proyecto\LabCGeIHCC\Shader_light.cpp(220,98): warning C4244: 'argument': conversion from 'GLuint' to 'GLfloat', possible loss of data
E:\Documentos\IngCompu\8. Octavo\Lab Grafica\Proyecto\LabCGeIHCC\Shader_light.cpp(220,62): warning C4244: 'argument': conversion from 'GLuint' to 'GLfloat', possible loss of data
E:\Documentos\IngCompu\8. Octavo\Lab Grafica\Proyecto\LabCGeIHCC\Shader_light.cpp(220,24): warning C4244: 'argument': conversion from 'GLuint' to 'GLfloat', possible loss of data
E:\Documentos\IngCompu\8. Octavo\Lab Grafica\Proyecto\LabCGeIHCC\Shader_light.cpp(219,70): warning C4244: 'argument': conversion from 'GLuint' to 'GLfloat', possible loss of data
E:\Documentos\IngCompu\8. Octavo\Lab Grafica\Proyecto\LabCGeIHCC\Shader_light.cpp(219,24): warning C4244: 'argument': conversion from 'GLuint' to 'GLfloat', possible loss of data
E:\Documentos\IngCompu\8. Octavo\Lab Grafica\Proyecto\LabCGeIHCC\Shader_light.cpp(218,88): warning C4244: 'argument': conversion from 'GLuint' to 'GLfloat', possible loss of data
E:\Documentos\IngCompu\8. Octavo\Lab Grafica\Proyecto\LabCGeIHCC\Shader_light.cpp(218,42): warning C4244: 'argument': conversion from 'GLuint' to 'GLfloat', possible loss of data
  Skybox.cpp
  Sphere.cpp
E:\Documentos\IngCompu\8. Octavo\Lab Grafica\Proyecto\LabCGeIHCC\Sphere.cpp(39,13): warning C4244: 'initializing': conversion from 'double' to 'float', possible loss of data
E:\Documentos\IngCompu\8. Octavo\Lab Grafica\Proyecto\LabCGeIHCC\Sphere.cpp(43,16): warning C4244: 'initializing': conversion from 'double' to 'float', possible loss of data
  SpotLight.cpp
  boliche.cpp
  Texture.cpp
  Window.cpp
E:\Documentos\IngCompu\8. Octavo\Lab Grafica\Proyecto\LabCGeIHCC\Window.h(12,36): warning C4244: 'return': conversion from 'GLint' to 'GLfloat', possible loss of data
  (compiling source file 'Window.cpp')
  
E:\Documentos\IngCompu\8. Octavo\Lab Grafica\Proyecto\LabCGeIHCC\Window.h(13,37): warning C4244: 'return': conversion from 'GLint' to 'GLfloat', possible loss of data
  (compiling source file 'Window.cpp')
  
E:\Documentos\IngCompu\8. Octavo\Lab Grafica\Proyecto\LabCGeIHCC\Window.cpp(196,22): warning C4244: '=': conversion from 'double' to 'GLfloat', possible loss of data
E:\Documentos\IngCompu\8. Octavo\Lab Grafica\Proyecto\LabCGeIHCC\Window.cpp(197,22): warning C4244: '=': conversion from 'double' to 'GLfloat', possible loss of data
E:\Documentos\IngCompu\8. Octavo\Lab Grafica\Proyecto\LabCGeIHCC\Window.cpp(201,28): warning C4244: '=': conversion from 'double' to 'GLfloat', possible loss of data
E:\Documentos\IngCompu\8. Octavo\Lab Grafica\Proyecto\LabCGeIHCC\Window.cpp(202,40): warning C4244: '=': conversion from 'double' to 'GLfloat', possible loss of data
E:\Documentos\IngCompu\8. Octavo\Lab Grafica\Proyecto\LabCGeIHCC\Window.cpp(204,21): warning C4244: '=': conversion from 'double' to 'GLfloat', possible loss of data
E:\Documentos\IngCompu\8. Octavo\Lab Grafica\Proyecto\LabCGeIHCC\Window.cpp(205,21): warning C4244: '=': conversion from 'double' to 'GLfloat', possible loss of data
Release\ambiente.obj : warning LNK4042: object specified more than once; extras ignored
  Generating code
  Previous IPDB not found, fall back to full compilation.
E:\Documentos\IngCompu\8. Octavo\Lab Grafica\Proyecto\LabCGeIHCC\Window.cpp(86): warning C4715: 'Window::Initialise': not all control paths return a value
  All 1041 functions were compiled because no usable IPDB/IOBJ from previous compilation was found.
  Finished generating code
  LabCGeIHCC.vcxproj -> E:\Documentos\IngCompu\8. Octavo\Lab Grafica\Proyecto\Release\Proyecto Feria.exe
