g:\other computers\my computer\ingcompu\8. octavo\lab grafica\cgeihclab03\labcgeihcc\release\vc143.pdb
g:\other computers\my computer\ingcompu\8. octavo\lab grafica\cgeihclab03\labcgeihcc\release\window.obj
g:\other computers\my computer\ingcompu\8. octavo\lab grafica\cgeihclab03\labcgeihcc\release\texture.obj
g:\other computers\my computer\ingcompu\8. octavo\lab grafica\cgeihclab03\labcgeihcc\release\spotlight.obj
g:\other computers\my computer\ingcompu\8. octavo\lab grafica\cgeihclab03\labcgeihcc\release\sphere.obj
g:\other computers\my computer\ingcompu\8. octavo\lab grafica\cgeihclab03\labcgeihcc\release\skybox.obj
g:\other computers\my computer\ingcompu\8. octavo\lab grafica\cgeihclab03\labcgeihcc\release\pointlight.obj
g:\other computers\my computer\ingcompu\8. octavo\lab grafica\cgeihclab03\labcgeihcc\release\model.obj
g:\other computers\my computer\ingcompu\8. octavo\lab grafica\cgeihclab03\labcgeihcc\release\mesh_tn.obj
g:\other computers\my computer\ingcompu\8. octavo\lab grafica\cgeihclab03\labcgeihcc\release\material.obj
g:\other computers\my computer\ingcompu\8. octavo\lab grafica\cgeihclab03\labcgeihcc\release\light.obj
g:\other computers\my computer\ingcompu\8. octavo\lab grafica\cgeihclab03\labcgeihcc\release\directionallight.obj
g:\other computers\my computer\ingcompu\8. octavo\lab grafica\cgeihclab03\labcgeihcc\release\camera.obj
g:\other computers\my computer\ingcompu\8. octavo\lab grafica\cgeihclab03\labcgeihcc\release\shader_light.obj
g:\other computers\my computer\ingcompu\8. octavo\lab grafica\cgeihclab03\labcgeihcc\release\practica7.obj
e:\documentos\ingcompu\8. octavo\lab grafica\cgeihclab03\labcgeihcc\release\vc143.pdb
e:\documentos\ingcompu\8. octavo\lab grafica\cgeihclab03\labcgeihcc\release\window.obj
e:\documentos\ingcompu\8. octavo\lab grafica\cgeihclab03\labcgeihcc\release\texture.obj
e:\documentos\ingcompu\8. octavo\lab grafica\cgeihclab03\labcgeihcc\release\spotlight.obj
e:\documentos\ingcompu\8. octavo\lab grafica\cgeihclab03\labcgeihcc\release\sphere.obj
e:\documentos\ingcompu\8. octavo\lab grafica\cgeihclab03\labcgeihcc\release\skybox.obj
e:\documentos\ingcompu\8. octavo\lab grafica\cgeihclab03\labcgeihcc\release\shader_light.obj
e:\documentos\ingcompu\8. octavo\lab grafica\cgeihclab03\labcgeihcc\release\practica7.obj
e:\documentos\ingcompu\8. octavo\lab grafica\cgeihclab03\labcgeihcc\release\pointlight.obj
e:\documentos\ingcompu\8. octavo\lab grafica\cgeihclab03\labcgeihcc\release\model.obj
e:\documentos\ingcompu\8. octavo\lab grafica\cgeihclab03\labcgeihcc\release\mesh_tn.obj
e:\documentos\ingcompu\8. octavo\lab grafica\cgeihclab03\labcgeihcc\release\material.obj
e:\documentos\ingcompu\8. octavo\lab grafica\cgeihclab03\labcgeihcc\release\light.obj
e:\documentos\ingcompu\8. octavo\lab grafica\cgeihclab03\labcgeihcc\release\directionallight.obj
e:\documentos\ingcompu\8. octavo\lab grafica\cgeihclab03\labcgeihcc\release\camera.obj
g:\other computers\my computer\ingcompu\8. octavo\lab grafica\cgeihclab03\labcgeihcc\release\labcgeihcc.ipdb
g:\other computers\my computer\ingcompu\8. octavo\lab grafica\cgeihclab03\labcgeihcc\release\labcgeihcc.iobj
e:\documentos\ingcompu\8. octavo\lab grafica\cgeihclab03\labcgeihcc\release\mesh.obj
e:\documentos\ingcompu\8. octavo\lab grafica\cgeihclab03\labcgeihcc\release\practica4_conjerarquia.obj
e:\documentos\ingcompu\8. octavo\lab grafica\cgeihclab03\labcgeihcc\release\practica5.obj
e:\documentos\ingcompu\8. octavo\lab grafica\cgeihclab03\labcgeihcc\release\practica6.obj
e:\documentos\ingcompu\8. octavo\lab grafica\cgeihclab03\labcgeihcc\release\shader.obj
e:\documentos\ingcompu\8. octavo\lab grafica\cgeihclab03\labcgeihcc\release\shader_m.obj
e:\documentos\ingcompu\8. octavo\lab grafica\cgeihclab03\labcgeihcc\release\labcgeihcc.ipdb
e:\documentos\ingcompu\8. octavo\lab grafica\cgeihclab03\labcgeihcc\release\labcgeihcc.iobj
e:\documentos\ingcompu\8. octavo\lab grafica\cgeihclab03\labcgeihcc\release\labcgeihcc.tlog\cl.command.1.tlog
e:\documentos\ingcompu\8. octavo\lab grafica\cgeihclab03\labcgeihcc\release\labcgeihcc.tlog\cl.items.tlog
e:\documentos\ingcompu\8. octavo\lab grafica\cgeihclab03\labcgeihcc\release\labcgeihcc.tlog\cl.read.1.tlog
e:\documentos\ingcompu\8. octavo\lab grafica\cgeihclab03\labcgeihcc\release\labcgeihcc.tlog\cl.write.1.tlog
e:\documentos\ingcompu\8. octavo\lab grafica\cgeihclab03\labcgeihcc\release\labcgeihcc.tlog\link.command.1.tlog
e:\documentos\ingcompu\8. octavo\lab grafica\cgeihclab03\labcgeihcc\release\labcgeihcc.tlog\link.read.1.tlog
e:\documentos\ingcompu\8. octavo\lab grafica\cgeihclab03\labcgeihcc\release\labcgeihcc.tlog\link.secondary.1.tlog
e:\documentos\ingcompu\8. octavo\lab grafica\cgeihclab03\labcgeihcc\release\labcgeihcc.tlog\link.write.1.tlog
